0 info it worked if it ends with ok
1 verbose cli [ 'C:\\Zimmermann\\nodejs\\\\node.exe',
1 verbose cli   'C:\\Zimmermann\\nodejs\\node_modules\\npm\\bin\\npm-cli.js',
1 verbose cli   'install' ]
2 info using npm@2.7.4
3 info using node@v0.12.2
4 verbose node symlink C:\Zimmermann\nodejs\\node.exe
5 warn package.json shop@0.9.0 No repository field.
6 verbose install where, deps [ 'C:\\Users\\Steven\\Downloads\\SWE-Services\\SWE-Services',
6 verbose install   [ 'gulp',
6 verbose install     'gulp-concat',
6 verbose install     'gulp-jshint',
6 verbose install     'gulp-livereload',
6 verbose install     'gulp-typescript',
6 verbose install     'gulp-uglify',
6 verbose install     'gulp-util',
6 verbose install     'gulp-watch',
6 verbose install     'gulp-webserver',
6 verbose install     'typescript' ] ]
7 verbose install where, peers [ 'C:\\Users\\Steven\\Downloads\\SWE-Services\\SWE-Services',
7 verbose install   [] ]
8 info preinstall shop@0.9.0
9 verbose already installed skipping gulp-jshint@^1.11.0 C:\Users\Steven\Downloads\SWE-Services\SWE-Services
10 silly cache add args [ 'gulp-livereload@^3.8.0', null ]
11 verbose cache add spec gulp-livereload@^3.8.0
12 silly cache add parsed spec { raw: 'gulp-livereload@^3.8.0',
12 silly cache add   scope: null,
12 silly cache add   name: 'gulp-livereload',
12 silly cache add   rawSpec: '^3.8.0',
12 silly cache add   spec: '>=3.8.0 <4.0.0',
12 silly cache add   type: 'range' }
13 verbose addNamed gulp-livereload@>=3.8.0 <4.0.0
14 silly addNamed semver.valid null
15 silly addNamed semver.validRange >=3.8.0 <4.0.0
16 silly addNameRange { name: 'gulp-livereload',
16 silly addNameRange   range: '>=3.8.0 <4.0.0',
16 silly addNameRange   hasData: false }
17 silly mapToRegistry name gulp-livereload
18 silly mapToRegistry using default registry
19 silly mapToRegistry registry http://registry.npmjs.org/
20 silly mapToRegistry uri http://registry.npmjs.org/gulp-livereload
21 verbose addNameRange registry:http://registry.npmjs.org/gulp-livereload not in flight; fetching
22 verbose already installed skipping gulp-typescript@^2.7.5 C:\Users\Steven\Downloads\SWE-Services\SWE-Services
23 verbose already installed skipping gulp-uglify@^1.2.0 C:\Users\Steven\Downloads\SWE-Services\SWE-Services
24 silly cache add args [ 'gulp-util@^3.0.4', null ]
25 verbose cache add spec gulp-util@^3.0.4
26 silly cache add parsed spec { raw: 'gulp-util@^3.0.4',
26 silly cache add   scope: null,
26 silly cache add   name: 'gulp-util',
26 silly cache add   rawSpec: '^3.0.4',
26 silly cache add   spec: '>=3.0.4 <4.0.0',
26 silly cache add   type: 'range' }
27 verbose addNamed gulp-util@>=3.0.4 <4.0.0
28 silly addNamed semver.valid null
29 silly addNamed semver.validRange >=3.0.4 <4.0.0
30 silly addNameRange { name: 'gulp-util', range: '>=3.0.4 <4.0.0', hasData: false }
31 silly mapToRegistry name gulp-util
32 silly mapToRegistry using default registry
33 silly mapToRegistry registry http://registry.npmjs.org/
34 silly mapToRegistry uri http://registry.npmjs.org/gulp-util
35 verbose addNameRange registry:http://registry.npmjs.org/gulp-util not in flight; fetching
36 verbose already installed skipping gulp-watch@^4.2.4 C:\Users\Steven\Downloads\SWE-Services\SWE-Services
37 verbose already installed skipping gulp-webserver@^0.9.1 C:\Users\Steven\Downloads\SWE-Services\SWE-Services
38 silly cache add args [ 'typescript@git://github.com/mhegazy/typescript.git#v1.5-beta2',
38 silly cache add   null ]
39 verbose cache add spec typescript@git://github.com/mhegazy/typescript.git#v1.5-beta2
40 verbose already installed skipping gulp@^3.8.11 C:\Users\Steven\Downloads\SWE-Services\SWE-Services
41 verbose already installed skipping gulp-concat@^2.5.2 C:\Users\Steven\Downloads\SWE-Services\SWE-Services
42 silly cache add parsed spec { raw: 'typescript@git://github.com/mhegazy/typescript.git#v1.5-beta2',
42 silly cache add   scope: null,
42 silly cache add   name: 'typescript',
42 silly cache add   rawSpec: 'git://github.com/mhegazy/typescript.git#v1.5-beta2',
42 silly cache add   spec: 'git+ssh://git@github.com/mhegazy/typescript.git#v1.5-beta2',
42 silly cache add   type: 'hosted',
42 silly cache add   hosted:
42 silly cache add    { type: 'github',
42 silly cache add      ssh: 'git@github.com:mhegazy/typescript.git#v1.5-beta2',
42 silly cache add      sshUrl: 'git+ssh://git@github.com/mhegazy/typescript.git#v1.5-beta2',
42 silly cache add      httpsUrl: 'https://github.com/mhegazy/typescript.git#v1.5-beta2',
42 silly cache add      directUrl: 'https://raw.githubusercontent.com/mhegazy/typescript/v1.5-beta2/package.json' } }
43 info maybeGithub Attempting git://github.com/mhegazy/typescript.git#v1.5-beta2 from git://github.com/mhegazy/typescript.git#v1.5-beta2
44 verbose addRemoteGit git-github-com-mhegazy-typescript-git-8f6de669 not in flight; caching
45 verbose request uri http://registry.npmjs.org/gulp-util
46 verbose request no auth needed
47 info attempt registry request try #1 at 14:09:16
48 verbose request id 5571747c6d41cc70
49 verbose etag "27GR20R0Z0MPIIJM348LSA9E8"
50 http request GET http://registry.npmjs.org/gulp-util
51 verbose request uri http://registry.npmjs.org/gulp-livereload
52 verbose request no auth needed
53 info attempt registry request try #1 at 14:09:16
54 verbose etag "62TR7P1SB8XJ1JF4EB3BEDOCI"
55 http request GET http://registry.npmjs.org/gulp-livereload
56 info git [ 'config', '--get', 'remote.origin.url' ]
57 http 304 http://registry.npmjs.org/gulp-util
58 silly get cb [ 304,
58 silly get   { date: 'Sun, 14 Jun 2015 12:10:52 GMT',
58 silly get     via: '1.1 varnish',
58 silly get     'cache-control': 'max-age=60',
58 silly get     etag: '"27GR20R0Z0MPIIJM348LSA9E8"',
58 silly get     age: '50',
58 silly get     connection: 'keep-alive',
58 silly get     'x-served-by': 'cache-fra1231-FRA',
58 silly get     'x-cache': 'HIT',
58 silly get     'x-cache-hits': '2',
58 silly get     'x-timer': 'S1434283852.880993,VS0,VE0',
58 silly get     vary: 'Accept' } ]
59 verbose etag http://registry.npmjs.org/gulp-util from cache
60 verbose get saving gulp-util to C:\Zimmermann\npm-cache\registry.npmjs.org\gulp-util\.cache.json
61 silly addNameRange number 2 { name: 'gulp-util', range: '>=3.0.4 <4.0.0', hasData: true }
62 silly addNameRange versions [ 'gulp-util',
62 silly addNameRange   [ '0.0.1',
62 silly addNameRange     '1.0.0',
62 silly addNameRange     '1.1.0',
62 silly addNameRange     '1.1.1',
62 silly addNameRange     '1.2.0',
62 silly addNameRange     '1.3.0',
62 silly addNameRange     '2.0.0',
62 silly addNameRange     '2.1.1',
62 silly addNameRange     '2.1.2',
62 silly addNameRange     '2.1.3',
62 silly addNameRange     '2.1.4',
62 silly addNameRange     '2.2.0',
62 silly addNameRange     '2.2.1',
62 silly addNameRange     '2.2.2',
62 silly addNameRange     '2.2.3',
62 silly addNameRange     '2.2.5',
62 silly addNameRange     '2.2.6',
62 silly addNameRange     '2.2.7',
62 silly addNameRange     '2.2.8',
62 silly addNameRange     '2.2.9',
62 silly addNameRange     '2.2.10',
62 silly addNameRange     '2.2.11',
62 silly addNameRange     '2.2.12',
62 silly addNameRange     '2.2.13',
62 silly addNameRange     '2.2.14',
62 silly addNameRange     '2.2.15',
62 silly addNameRange     '2.2.16',
62 silly addNameRange     '2.2.17',
62 silly addNameRange     '2.2.18',
62 silly addNameRange     '2.2.19',
62 silly addNameRange     '2.2.20',
62 silly addNameRange     '3.0.0',
62 silly addNameRange     '3.0.1',
62 silly addNameRange     '3.0.2',
62 silly addNameRange     '3.0.3',
62 silly addNameRange     '3.0.4',
62 silly addNameRange     '3.0.5' ] ]
63 verbose addNamed gulp-util@3.0.5
64 silly addNamed semver.valid 3.0.5
65 silly addNamed semver.validRange 3.0.5
66 silly cache afterAdd gulp-util@3.0.5
67 verbose afterAdd C:\Zimmermann\npm-cache\gulp-util\3.0.5\package\package.json not in flight; writing
68 verbose afterAdd C:\Zimmermann\npm-cache\gulp-util\3.0.5\package\package.json written
69 verbose addRemoteGit remote.origin.url: git://github.com/mhegazy/typescript.git
70 verbose addRemoteGit updating existing cached remote C:\Zimmermann\npm-cache\_git-remotes\git-github-com-mhegazy-typescript-git-8f6de669
71 info git [ 'fetch', '-a', 'origin' ]
72 http 304 http://registry.npmjs.org/gulp-livereload
73 silly get cb [ 304,
73 silly get   { date: 'Sun, 14 Jun 2015 12:10:52 GMT',
73 silly get     via: '1.1 varnish',
73 silly get     'cache-control': 'max-age=60',
73 silly get     etag: '"62TR7P1SB8XJ1JF4EB3BEDOCI"',
73 silly get     age: '17',
73 silly get     connection: 'keep-alive',
73 silly get     'x-served-by': 'cache-ams4136-AMS',
73 silly get     'x-cache': 'HIT',
73 silly get     'x-cache-hits': '1',
73 silly get     'x-timer': 'S1434283852.922223,VS0,VE0',
73 silly get     vary: 'Accept' } ]
74 verbose etag http://registry.npmjs.org/gulp-livereload from cache
75 verbose get saving gulp-livereload to C:\Zimmermann\npm-cache\registry.npmjs.org\gulp-livereload\.cache.json
76 silly addNameRange number 2 { name: 'gulp-livereload',
76 silly addNameRange   range: '>=3.8.0 <4.0.0',
76 silly addNameRange   hasData: true }
77 silly addNameRange versions [ 'gulp-livereload',
77 silly addNameRange   [ '0.1.1',
77 silly addNameRange     '0.2.0',
77 silly addNameRange     '0.3.0',
77 silly addNameRange     '0.3.1',
77 silly addNameRange     '0.3.2',
77 silly addNameRange     '1.0.0',
77 silly addNameRange     '1.0.1',
77 silly addNameRange     '1.1.0',
77 silly addNameRange     '1.1.1',
77 silly addNameRange     '1.2.0',
77 silly addNameRange     '1.3.1',
77 silly addNameRange     '1.4.1',
77 silly addNameRange     '1.4.2',
77 silly addNameRange     '1.5.0',
77 silly addNameRange     '2.0.0',
77 silly addNameRange     '2.1.0',
77 silly addNameRange     '2.1.1',
77 silly addNameRange     '3.0.0',
77 silly addNameRange     '3.0.1',
77 silly addNameRange     '3.0.2',
77 silly addNameRange     '3.1.0',
77 silly addNameRange     '3.2.0',
77 silly addNameRange     '3.3.0',
77 silly addNameRange     '3.4.0',
77 silly addNameRange     '3.5.0',
77 silly addNameRange     '3.6.0',
77 silly addNameRange     '3.7.0',
77 silly addNameRange     '3.8.0' ] ]
78 verbose addNamed gulp-livereload@3.8.0
79 silly addNamed semver.valid 3.8.0
80 silly addNamed semver.validRange 3.8.0
81 silly cache afterAdd gulp-livereload@3.8.0
82 verbose afterAdd C:\Zimmermann\npm-cache\gulp-livereload\3.8.0\package\package.json not in flight; writing
83 verbose afterAdd C:\Zimmermann\npm-cache\gulp-livereload\3.8.0\package\package.json written
84 verbose addRemoteGit git fetch -a origin (git://github.com/mhegazy/typescript.git)
85 verbose addRemoteGit skipping chownr on Windows
86 verbose addRemoteGit original treeish: v1.5-beta2
87 info git [ 'rev-list', '-n1', 'v1.5-beta2' ]
88 silly addRemoteGit resolved treeish: ba0a688b1b28de65cd88e64f2d1d69e738a6ab5d
89 verbose addRemoteGit resolved Git URL: git://github.com/mhegazy/typescript.git#ba0a688b1b28de65cd88e64f2d1d69e738a6ab5d
90 silly addRemoteGit Git working directory: C:\Users\Steven\AppData\Local\Temp\npm-4624-9acf26ca\git-cache-9ac86b8b4eec\ba0a688b1b28de65cd88e64f2d1d69e738a6ab5d
91 info git [ 'clone',
91 info git   'C:\\Zimmermann\\npm-cache\\_git-remotes\\git-github-com-mhegazy-typescript-git-8f6de669',
91 info git   'C:\\Users\\Steven\\AppData\\Local\\Temp\\npm-4624-9acf26ca\\git-cache-9ac86b8b4eec\\ba0a688b1b28de65cd88e64f2d1d69e738a6ab5d' ]
92 error git -c core.longpaths=true clone C:\Zimmermann\npm-cache\_git-remotes\git-github-com-mhegazy-typescript-git-8f6de669 C:\Users\Steven\AppData\Local\Temp\npm-4624-9acf26ca\git-cache-9ac86b8b4eec\ba0a688b1b28de65cd88e64f2d1d69e738a6ab5d
93 error git clone C:\Zimmermann\npm-cache\_git-remotes\git-github-com-mhegazy-typescript-git-8f6de669 C:\Users\Steven\AppData\Local\Temp\npm-4624-9acf26ca\git-cache-9ac86b8b4eec\ba0a688b1b28de65cd88e64f2d1d69e738a6ab5d: Cloning into 'C:\Users\Steven\AppData\Local\Temp\npm-4624-9acf26ca\git-cache-9ac86b8b4eec\ba0a688b1b28de65cd88e64f2d1d69e738a6ab5d'...
93 error git clone C:\Zimmermann\npm-cache\_git-remotes\git-github-com-mhegazy-typescript-git-8f6de669 C:\Users\Steven\AppData\Local\Temp\npm-4624-9acf26ca\git-cache-9ac86b8b4eec\ba0a688b1b28de65cd88e64f2d1d69e738a6ab5d: warning: templates not found C:\Zimmermann\Git/share/git-core/templates
93 error git clone C:\Zimmermann\npm-cache\_git-remotes\git-github-com-mhegazy-typescript-git-8f6de669 C:\Users\Steven\AppData\Local\Temp\npm-4624-9acf26ca\git-cache-9ac86b8b4eec\ba0a688b1b28de65cd88e64f2d1d69e738a6ab5d: git-upload-pack 'C:\Zimmermann\npm-cache\_git-remotes\git-github-com-mhegazy-typescript-git-8f6de669': git-upload-pack: command not found
93 error git clone C:\Zimmermann\npm-cache\_git-remotes\git-github-com-mhegazy-typescript-git-8f6de669 C:\Users\Steven\AppData\Local\Temp\npm-4624-9acf26ca\git-cache-9ac86b8b4eec\ba0a688b1b28de65cd88e64f2d1d69e738a6ab5d: fatal: Could not read from remote repository.
93 error git clone C:\Zimmermann\npm-cache\_git-remotes\git-github-com-mhegazy-typescript-git-8f6de669 C:\Users\Steven\AppData\Local\Temp\npm-4624-9acf26ca\git-cache-9ac86b8b4eec\ba0a688b1b28de65cd88e64f2d1d69e738a6ab5d:
93 error git clone C:\Zimmermann\npm-cache\_git-remotes\git-github-com-mhegazy-typescript-git-8f6de669 C:\Users\Steven\AppData\Local\Temp\npm-4624-9acf26ca\git-cache-9ac86b8b4eec\ba0a688b1b28de65cd88e64f2d1d69e738a6ab5d: Please make sure you have the correct access rights
93 error git clone C:\Zimmermann\npm-cache\_git-remotes\git-github-com-mhegazy-typescript-git-8f6de669 C:\Users\Steven\AppData\Local\Temp\npm-4624-9acf26ca\git-cache-9ac86b8b4eec\ba0a688b1b28de65cd88e64f2d1d69e738a6ab5d: and the repository exists.
94 info maybeGithub Couldn't clone git://github.com/mhegazy/typescript.git#v1.5-beta2
95 info maybeGithub Now attempting git://github.com/mhegazy/typescript.git#v1.5-beta2 from git@github.com:mhegazy/typescript.git#v1.5-beta2
96 verbose addRemoteGit git-github-com-mhegazy-typescript-git-e4df0ec1 not in flight; caching
97 info git [ 'config', '--get', 'remote.origin.url' ]
98 error git -c core.longpaths=true config --get remote.origin.url
99 verbose addRemoteGit remote.origin.url:
100 warn addRemoteGit Error: Command failed: git -c core.longpaths=true config --get remote.origin.url
100 warn addRemoteGit
100 warn addRemoteGit     at ChildProcess.exithandler (child_process.js:751:12)
100 warn addRemoteGit     at ChildProcess.emit (events.js:110:17)
100 warn addRemoteGit     at maybeClose (child_process.js:1015:16)
100 warn addRemoteGit     at Process.ChildProcess._handle.onexit (child_process.js:1087:5)
100 warn addRemoteGit  resetting remote C:\Zimmermann\npm-cache\_git-remotes\git-github-com-mhegazy-typescript-git-e4df0ec1 because of error: { [Error: Command failed: git -c core.longpaths=true config --get remote.origin.url
100 warn addRemoteGit ]
100 warn addRemoteGit   killed: false,
100 warn addRemoteGit   code: 1,
100 warn addRemoteGit   signal: null,
100 warn addRemoteGit   cmd: 'git -c core.longpaths=true config --get remote.origin.url' }
101 info addRemoteGit resetting C:\Zimmermann\npm-cache\_git-remotes\git-github-com-mhegazy-typescript-git-e4df0ec1
102 silly gentlyRm C:\Zimmermann\npm-cache\_git-remotes\git-github-com-mhegazy-typescript-git-e4df0ec1 is being purged
103 verbose gentlyRm don't care about contents; nuking C:\Zimmermann\npm-cache\_git-remotes\git-github-com-mhegazy-typescript-git-e4df0ec1
104 silly vacuum-fs purging C:\Zimmermann\npm-cache\_git-remotes\git-github-com-mhegazy-typescript-git-e4df0ec1
105 silly vacuum-fs quitting because other entries in C:\Zimmermann\npm-cache\_git-remotes
106 info git [ 'clone',
106 info git   '--template=C:\\Zimmermann\\npm-cache\\_git-remotes\\_templates',
106 info git   '--mirror',
106 info git   'git@github.com:mhegazy/typescript.git',
106 info git   'C:\\Zimmermann\\npm-cache\\_git-remotes\\git-github-com-mhegazy-typescript-git-e4df0ec1' ]
107 error git -c core.longpaths=true clone --template=C:\Zimmermann\npm-cache\_git-remotes\_templates --mirror git@github.com:mhegazy/typescript.git C:\Zimmermann\npm-cache\_git-remotes\git-github-com-mhegazy-typescript-git-e4df0ec1
108 error git clone --template=C:\Zimmermann\npm-cache\_git-remotes\_templates --mirror git@github.com:mhegazy/typescript.git C:\Zimmermann\npm-cache\_git-remotes\git-github-com-mhegazy-typescript-git-e4df0ec1: Cloning into bare repository 'C:\Zimmermann\npm-cache\_git-remotes\git-github-com-mhegazy-typescript-git-e4df0ec1'...
108 error git clone --template=C:\Zimmermann\npm-cache\_git-remotes\_templates --mirror git@github.com:mhegazy/typescript.git C:\Zimmermann\npm-cache\_git-remotes\git-github-com-mhegazy-typescript-git-e4df0ec1: Permission denied (publickey).
108 error git clone --template=C:\Zimmermann\npm-cache\_git-remotes\_templates --mirror git@github.com:mhegazy/typescript.git C:\Zimmermann\npm-cache\_git-remotes\git-github-com-mhegazy-typescript-git-e4df0ec1: fatal: Could not read from remote repository.
108 error git clone --template=C:\Zimmermann\npm-cache\_git-remotes\_templates --mirror git@github.com:mhegazy/typescript.git C:\Zimmermann\npm-cache\_git-remotes\git-github-com-mhegazy-typescript-git-e4df0ec1:
108 error git clone --template=C:\Zimmermann\npm-cache\_git-remotes\_templates --mirror git@github.com:mhegazy/typescript.git C:\Zimmermann\npm-cache\_git-remotes\git-github-com-mhegazy-typescript-git-e4df0ec1: Please make sure you have the correct access rights
108 error git clone --template=C:\Zimmermann\npm-cache\_git-remotes\_templates --mirror git@github.com:mhegazy/typescript.git C:\Zimmermann\npm-cache\_git-remotes\git-github-com-mhegazy-typescript-git-e4df0ec1: and the repository exists.
109 verbose stack Error: Command failed: git -c core.longpaths=true clone --template=C:\Zimmermann\npm-cache\_git-remotes\_templates --mirror git@github.com:mhegazy/typescript.git C:\Zimmermann\npm-cache\_git-remotes\git-github-com-mhegazy-typescript-git-e4df0ec1
109 verbose stack Cloning into bare repository 'C:\Zimmermann\npm-cache\_git-remotes\git-github-com-mhegazy-typescript-git-e4df0ec1'...
109 verbose stack Permission denied (publickey).
109 verbose stack fatal: Could not read from remote repository.
109 verbose stack
109 verbose stack Please make sure you have the correct access rights
109 verbose stack and the repository exists.
109 verbose stack
109 verbose stack     at ChildProcess.exithandler (child_process.js:751:12)
109 verbose stack     at ChildProcess.emit (events.js:110:17)
109 verbose stack     at maybeClose (child_process.js:1015:16)
109 verbose stack     at Process.ChildProcess._handle.onexit (child_process.js:1087:5)
110 verbose cwd C:\Users\Steven\Downloads\SWE-Services\SWE-Services
111 error Windows_NT 6.1.7601
112 error argv "C:\\Zimmermann\\nodejs\\\\node.exe" "C:\\Zimmermann\\nodejs\\node_modules\\npm\\bin\\npm-cli.js" "install"
113 error node v0.12.2
114 error npm  v2.7.4
115 error code 128
116 error Command failed: git -c core.longpaths=true clone --template=C:\Zimmermann\npm-cache\_git-remotes\_templates --mirror git@github.com:mhegazy/typescript.git C:\Zimmermann\npm-cache\_git-remotes\git-github-com-mhegazy-typescript-git-e4df0ec1
116 error Cloning into bare repository 'C:\Zimmermann\npm-cache\_git-remotes\git-github-com-mhegazy-typescript-git-e4df0ec1'...
116 error Permission denied (publickey).
116 error fatal: Could not read from remote repository.
116 error
116 error Please make sure you have the correct access rights
116 error and the repository exists.
117 error If you need help, you may report this error at:
117 error     <https://github.com/npm/npm/issues>
118 verbose exit [ 1, true ]
